<?xml version="1.0" encoding="UTF-8"?>
<Site BuildName="Linux-g++"
	BuildStamp="20231106-0019-Experimental"
	Name="edward-ubuntu"
	Generator="ctest-3.22.1"
	CompilerName="/usr/bin/g++"
	CompilerVersion="11.4.0"
	OSName="Linux"
	Hostname="edward-ubuntu"
	OSRelease="6.2.0-36-generic"
	OSVersion="#37~22.04.1-Ubuntu SMP PREEMPT_DYNAMIC Mon Oct  9 15:34:04 UTC 2"
	OSPlatform="x86_64"
	Is64Bits="1"
	VendorString="GenuineIntel"
	VendorID="Intel Corporation"
	FamilyID="6"
	ModelID="167"
	ProcessorCacheSize="12288"
	NumberOfLogicalCPU="12"
	NumberOfPhysicalCPU="6"
	TotalVirtualMemory="2047"
	TotalPhysicalMemory="31915"
	LogicalProcessorsPerPhysical="2"
	ProcessorClockFrequency="4600.23"
	>
	<Testing>
		<StartDateTime>Nov 05 21:32 EST</StartDateTime>
		<StartTestTime>1699237964</StartTestTime>
		<TestList/>
		<EndDateTime>Nov 05 21:32 EST</EndDateTime>
		<EndTestTime>1699237964</EndTestTime>
		<ElapsedMinutes>0</ElapsedMinutes>
	</Testing>
</Site>
