<?xml version="1.0" encoding="UTF-8"?>
<Site BuildName="Linux-g++"
	BuildStamp="20231030-1608-Experimental"
	Name="edward-ubuntu"
	Generator="ctest-3.22.1"
	CompilerName="/usr/bin/g++"
	CompilerVersion="11.4.0"
	OSName="Linux"
	Hostname="edward-ubuntu"
	OSRelease="6.2.0-35-generic"
	OSVersion="#35~22.04.1-Ubuntu SMP PREEMPT_DYNAMIC Fri Oct  6 10:23:26 UTC 2"
	OSPlatform="x86_64"
	Is64Bits="1"
	VendorString="GenuineIntel"
	VendorID="Intel Corporation"
	FamilyID="6"
	ModelID="167"
	ProcessorCacheSize="12288"
	NumberOfLogicalCPU="12"
	NumberOfPhysicalCPU="6"
	TotalVirtualMemory="2047"
	TotalPhysicalMemory="31915"
	LogicalProcessorsPerPhysical="2"
	ProcessorClockFrequency="4600"
	>
	<Testing>
		<StartDateTime>Oct 30 12:08 EDT</StartDateTime>
		<StartTestTime>1698682087</StartTestTime>
		<TestList/>
		<EndDateTime>Oct 30 12:08 EDT</EndDateTime>
		<EndTestTime>1698682087</EndTestTime>
		<ElapsedMinutes>0</ElapsedMinutes>
	</Testing>
</Site>
